2022-01-10 09:21:39 [scrapy] DEBUG: Redirecting (301) to <GET https://www.fzmovies.net/robots.txt> from <GET http://www.fzmovies.net/robots.txt>
2022-01-10 09:21:40 [scrapy] DEBUG: Crawled (404) <GET https://www.fzmovies.net/robots.txt> (referer: None)
2022-01-10 09:21:40 [scrapy] DEBUG: Redirecting (301) to <GET https://www.fzmovies.net/> from <GET http://www.fzmovies.net/>
2022-01-10 09:21:45 [scrapy] DEBUG: Crawled (200) <GET https://www.fzmovies.net/> (referer: None)
2022-01-10 09:22:52 [scrapy] DEBUG: Scraped from <200 https://www.fzmovies.net/>
{'movie_title': 'Clouds (in Hollywood Movies) Clouds (2020) - Download Movie for mobile in best quality 3gp and mp4 format. Also stream Clouds on your mobile, tablets and ipads', 'movie_size': ' (321 MB) { 23994 hits }', 'movie_img': 'https://www.fzmovies.net/imdb_images/Clouds.2020.jpg', 'movie_download_link': 'https://ik2mqisu1w.poiuytrewqasdfghjkl.cyou/res/614774a84bca32182e1b81d831542d9a/170416fdd653c9865b53c79fe1028ce6/Clouds_(2020)_WEB-DL_high_(fzmovies.net)_877cd74df87c0498a27e281bb27c539a.mp4'}
2022-01-10 09:22:52 [scrapy] INFO: Closing spider (finished)
2022-01-10 09:22:54 [scrapy] INFO: Dumping Scrapy stats:
{'downloader/request_bytes': 1381,
 'downloader/request_count': 4,
 'downloader/request_method_count/GET': 4,
 'downloader/response_bytes': 18250,
 'downloader/response_count': 4,
 'downloader/response_status_count/200': 1,
 'downloader/response_status_count/301': 2,
 'downloader/response_status_count/404': 1,
 'finish_reason': 'finished',
 'finish_time': datetime.datetime(2022, 1, 10, 17, 22, 52, 861269),
 'item_scraped_count': 1,
 'log_count/DEBUG': 88,
 'log_count/INFO': 6,
 'response_received_count': 2,
 'robotstxt/request_count': 1,
 'robotstxt/response_count': 1,
 'robotstxt/response_status_count/404': 1,
 'scheduler/dequeued': 2,
 'scheduler/dequeued/memory': 2,
 'scheduler/enqueued': 2,
 'scheduler/enqueued/memory': 2,
 'start_time': datetime.datetime(2022, 1, 10, 17, 21, 38, 801418)}
2022-01-10 09:22:54 [scrapy] INFO: Spider closed (finished)
